<?xml version="1.0" encoding="UTF-8"?>
<!-- Generated by org.testng.reporters.JUnitReportReporter -->
<testsuite skipped="0" hostname="Tirumal-PC" name="Runner.SubscriptionTestClass" tests="3" failures="0" timestamp="25 Sep 2022 12:44:43 GMT" time="107.221" errors="0">
  <testcase name="Subscrition_Bharian" time="29.991" classname="Runner.SubscriptionTestClass"/>
  <testcase name="Subscrition_Kuwait" time="26.263" classname="Runner.SubscriptionTestClass"/>
  <testcase name="Subscrition_KSA" time="50.967" classname="Runner.SubscriptionTestClass"/>
</testsuite> <!-- Runner.SubscriptionTestClass -->
