<?xml version="1.0" encoding="UTF-8"?>
<!-- Generated by org.testng.reporters.JUnitReportReporter -->
<testsuite skipped="0" hostname="Tirumal-PC" name="Runner.SubscriptionTestClass" tests="3" failures="0" timestamp="25 Sep 2022 12:11:48 GMT" time="75.953" errors="0">
  <testcase name="Subscrition_KSA" time="16.673" classname="Runner.SubscriptionTestClass"/>
  <testcase name="Subscrition_Bharian" time="26.143" classname="Runner.SubscriptionTestClass"/>
  <testcase name="Subscrition_Kuwait" time="33.137" classname="Runner.SubscriptionTestClass"/>
</testsuite> <!-- Runner.SubscriptionTestClass -->
