<?xml version="1.0" encoding="UTF-8"?>
<!-- Generated by org.testng.reporters.JUnitReportReporter -->
<testsuite skipped="0" hostname="Tirumal-PC" name="Runner.SubscriptionTestClass" tests="3" failures="0" timestamp="25 Sep 2022 14:14:19 GMT" time="76.024" errors="0">
  <testcase name="Subscrition_Bharian" time="42.454" classname="Runner.SubscriptionTestClass"/>
  <testcase name="Subscrition_KSA" time="14.901" classname="Runner.SubscriptionTestClass"/>
  <testcase name="Subscrition_Kuwait" time="18.669" classname="Runner.SubscriptionTestClass"/>
</testsuite> <!-- Runner.SubscriptionTestClass -->
